<?xml version="1.0" encoding="UTF-8"?>
<!-- Generated by org.testng.reporters.JUnitXMLReporter -->
<testsuite ignored="0" hostname="WIN10I-1IJ8NK9M" failures="0" tests="4" name="Default test" time="1.335" errors="0" timestamp="2022-09-26T12:58:41 IST">
  <testcase classname="datadriven.DataDrivenTest2" name="test" time="0.012"/>
  <testcase classname="datadriven.DataDrivenTest2" name="test" time="0.003"/>
  <testcase classname="datadriven.DataDrivenTest2" name="test" time="0.001"/>
  <testcase classname="datadriven.DataDrivenTest2" name="test" time="0.001"/>
</testsuite> <!-- Default test -->
